# JRE version: OpenJDK Runtime Environment (11.0.12+7) (build 11.0.12+7-b1504.28-7817840)
# Java VM: OpenJDK 64-Bit Server VM (11.0.12+7-b1504.28-7817840, mixed mode, tiered, compressed oops, g1 gc, windows-amd64)
Heap:
 garbage-first heap   total 537600K, used 239000K [0x0000000080000000, 0x0000000100000000)
  region size 1024K, 5 young (5120K), 5 survivors (5120K)
 Metaspace       used 178867K, capacity 184351K, committed 185548K, reserved 1210368K
  class space    used 21830K, capacity 23786K, committed 24064K, reserved 1048576K
GC Heap History (20 events):
Event: 3582.442 GC heap after
{Heap after GC invocations=121 (full 0):
 garbage-first heap   total 276480K, used 177384K [0x0000000080000000, 0x0000000100000000)
  region size 1024K, 8 young (8192K), 8 survivors (8192K)
 Metaspace       used 178619K, capacity 184105K, committed 185548K, reserved 1210368K
  class space    used 21802K, capacity 23748K, committed 24064K, reserved 1048576K
}
Event: 3582.869 GC heap before
{Heap before GC invocations=121 (full 0):
 garbage-first heap   total 276480K, used 235752K [0x0000000080000000, 0x0000000100000000)
  region size 1024K, 65 young (66560K), 8 survivors (8192K)
 Metaspace       used 178622K, capacity 184105K, committed 185548K, reserved 1210368K
  class space    used 21802K, capacity 23748K, committed 24064K, reserved 1048576K
}
Event: 3582.888 GC heap after
{Heap after GC invocations=122 (full 0):
 garbage-first heap   total 276480K, used 194117K [0x0000000080000000, 0x0000000100000000)
  region size 1024K, 8 young (8192K), 8 survivors (8192K)
 Metaspace       used 178622K, capacity 184105K, committed 185548K, reserved 1210368K
  class space    used 21802K, capacity 23748K, committed 24064K, reserved 1048576K
}
Event: 3583.199 GC heap before
{Heap before GC invocations=122 (full 0):
 garbage-first heap   total 276480K, used 230981K [0x0000000080000000, 0x0000000100000000)
  region size 1024K, 45 young (46080K), 8 survivors (8192K)
 Metaspace       used 178736K, capacity 184248K, committed 185548K, reserved 1210368K
  class space    used 21814K, capacity 23752K, committed 24064K, reserved 1048576K
}
Event: 3583.220 GC heap after
{Heap after GC invocations=123 (full 0):
 garbage-first heap   total 276480K, used 200704K [0x0000000080000000, 0x0000000100000000)
  region size 1024K, 6 young (6144K), 6 survivors (6144K)
 Metaspace       used 178736K, capacity 184248K, committed 185548K, reserved 1210368K
  class space    used 21814K, capacity 23752K, committed 24064K, reserved 1048576K
}
Event: 3583.327 GC heap before
{Heap before GC invocations=124 (full 0):
 garbage-first heap   total 276480K, used 232448K [0x0000000080000000, 0x0000000100000000)
  region size 1024K, 37 young (37888K), 6 survivors (6144K)
 Metaspace       used 178746K, capacity 184248K, committed 185548K, reserved 1210368K
  class space    used 21814K, capacity 23752K, committed 24064K, reserved 1048576K
}
Event: 3583.353 GC heap after
{Heap after GC invocations=125 (full 0):
 garbage-first heap   total 276480K, used 206625K [0x0000000080000000, 0x0000000100000000)
  region size 1024K, 5 young (5120K), 5 survivors (5120K)
 Metaspace       used 178746K, capacity 184248K, committed 185548K, reserved 1210368K
  class space    used 21814K, capacity 23752K, committed 24064K, reserved 1048576K
}
Event: 3583.376 GC heap before
{Heap before GC invocations=125 (full 0):
 garbage-first heap   total 276480K, used 213793K [0x0000000080000000, 0x0000000100000000)
  region size 1024K, 13 young (13312K), 5 survivors (5120K)
 Metaspace       used 178746K, capacity 184248K, committed 185548K, reserved 1210368K
  class space    used 21814K, capacity 23752K, committed 24064K, reserved 1048576K
}
Event: 3583.398 GC heap after
{Heap after GC invocations=126 (full 0):
 garbage-first heap   total 276480K, used 207179K [0x0000000080000000, 0x0000000100000000)
  region size 1024K, 2 young (2048K), 2 survivors (2048K)
 Metaspace       used 178746K, capacity 184248K, committed 185548K, reserved 1210368K
  class space    used 21814K, capacity 23752K, committed 24064K, reserved 1048576K
}
Event: 3583.484 GC heap before
{Heap before GC invocations=126 (full 0):
 garbage-first heap   total 276480K, used 233803K [0x0000000080000000, 0x0000000100000000)
  region size 1024K, 28 young (28672K), 2 survivors (2048K)
 Metaspace       used 178752K, capacity 184248K, committed 185548K, reserved 1210368K
  class space    used 21814K, capacity 23752K, committed 24064K, reserved 1048576K
}
Event: 3583.510 GC heap after
{Heap after GC invocations=127 (full 0):
 garbage-first heap   total 276480K, used 212840K [0x0000000080000000, 0x0000000100000000)
  region size 1024K, 4 young (4096K), 4 survivors (4096K)
 Metaspace       used 178752K, capacity 184248K, committed 185548K, reserved 1210368K
  class space    used 21814K, capacity 23752K, committed 24064K, reserved 1048576K
}
Event: 3583.665 GC heap before
{Heap before GC invocations=127 (full 0):
 garbage-first heap   total 276480K, used 236392K [0x0000000080000000, 0x0000000100000000)
  region size 1024K, 27 young (27648K), 4 survivors (4096K)
 Metaspace       used 178798K, capacity 184286K, committed 185548K, reserved 1210368K
  class space    used 21822K, capacity 23786K, committed 24064K, reserved 1048576K
}
Event: 3583.690 GC heap after
{Heap after GC invocations=128 (full 0):
 garbage-first heap   total 331776K, used 217912K [0x0000000080000000, 0x0000000100000000)
  region size 1024K, 4 young (4096K), 4 survivors (4096K)
 Metaspace       used 178798K, capacity 184286K, committed 185548K, reserved 1210368K
  class space    used 21822K, capacity 23786K, committed 24064K, reserved 1048576K
}
Event: 3584.118 GC heap before
{Heap before GC invocations=128 (full 0):
 garbage-first heap   total 331776K, used 259896K [0x0000000080000000, 0x0000000100000000)
  region size 1024K, 45 young (46080K), 4 survivors (4096K)
 Metaspace       used 178859K, capacity 184351K, committed 185548K, reserved 1210368K
  class space    used 21830K, capacity 23786K, committed 24064K, reserved 1048576K
}
Event: 3584.156 GC heap after
{Heap after GC invocations=129 (full 0):
 garbage-first heap   total 331776K, used 225733K [0x0000000080000000, 0x0000000100000000)
  region size 1024K, 6 young (6144K), 6 survivors (6144K)
 Metaspace       used 178859K, capacity 184351K, committed 185548K, reserved 1210368K
  class space    used 21830K, capacity 23786K, committed 24064K, reserved 1048576K
}
Event: 3584.509 GC heap before
{Heap before GC invocations=130 (full 0):
 garbage-first heap   total 331776K, used 265669K [0x0000000080000000, 0x0000000100000000)
  region size 1024K, 45 young (46080K), 6 survivors (6144K)
 Metaspace       used 178866K, capacity 184351K, committed 185548K, reserved 1210368K
  class space    used 21830K, capacity 23786K, committed 24064K, reserved 1048576K
}
Event: 3584.540 GC heap after
{Heap after GC invocations=131 (full 0):
 garbage-first heap   total 331776K, used 232954K [0x0000000080000000, 0x0000000100000000)
  region size 1024K, 6 young (6144K), 6 survivors (6144K)
 Metaspace       used 178866K, capacity 184351K, committed 185548K, reserved 1210368K
  class space    used 21830K, capacity 23786K, committed 24064K, reserved 1048576K
}
Event: 3584.618 GC heap before
{Heap before GC invocations=131 (full 0):
 garbage-first heap   total 331776K, used 243194K [0x0000000080000000, 0x0000000100000000)
  region size 1024K, 16 young (16384K), 6 survivors (6144K)
 Metaspace       used 178867K, capacity 184351K, committed 185548K, reserved 1210368K
  class space    used 21830K, capacity 23786K, committed 24064K, reserved 1048576K
}
Event: 3584.649 GC heap after
{Heap after GC invocations=132 (full 0):
 garbage-first heap   total 331776K, used 232036K [0x0000000080000000, 0x0000000100000000)
  region size 1024K, 2 young (2048K), 2 survivors (2048K)
 Metaspace       used 178867K, capacity 184351K, committed 185548K, reserved 1210368K
  class space    used 21830K, capacity 23786K, committed 24064K, reserved 1048576K
}
Event: 3584.896 GC heap before
{Heap before GC invocations=132 (full 0):
 garbage-first heap   total 331776K, used 270948K [0x0000000080000000, 0x0000000100000000)
  region size 1024K, 40 young (40960K), 2 survivors (2048K)
 Metaspace       used 178867K, capacity 184351K, committed 185548K, reserved 1210368K
  class space    used 21830K, capacity 23786K, committed 24064K, reserved 1048576K
}

