# JRE version: OpenJDK Runtime Environment (11.0.12+7) (build 11.0.12+7-b1504.28-7817840)
# Java VM: OpenJDK 64-Bit Server VM (11.0.12+7-b1504.28-7817840, mixed mode, tiered, compressed oops, g1 gc, windows-amd64)
Heap:
 garbage-first heap   total 189440K, used 141622K [0x0000000080000000, 0x0000000100000000)
  region size 1024K, 73 young (74752K), 4 survivors (4096K)
 Metaspace       used 88644K, capacity 90709K, committed 91080K, reserved 1128448K
  class space    used 11454K, capacity 12248K, committed 12364K, reserved 1048576K
GC Heap History (20 events):
Event: 6.732 GC heap before
{Heap before GC invocations=6 (full 0):
 garbage-first heap   total 131072K, used 67469K [0x0000000080000000, 0x0000000100000000)
  region size 1024K, 51 young (52224K), 2 survivors (2048K)
 Metaspace       used 25849K, capacity 26465K, committed 26544K, reserved 1073152K
  class space    used 3348K, capacity 3553K, committed 3584K, reserved 1048576K
}
Event: 6.739 GC heap after
{Heap after GC invocations=7 (full 0):
 garbage-first heap   total 157696K, used 18860K [0x0000000080000000, 0x0000000100000000)
  region size 1024K, 3 young (3072K), 3 survivors (3072K)
 Metaspace       used 25849K, capacity 26465K, committed 26544K, reserved 1073152K
  class space    used 3348K, capacity 3553K, committed 3584K, reserved 1048576K
}
Event: 8.202 GC heap before
{Heap before GC invocations=7 (full 0):
 garbage-first heap   total 157696K, used 81324K [0x0000000080000000, 0x0000000100000000)
  region size 1024K, 65 young (66560K), 3 survivors (3072K)
 Metaspace       used 34886K, capacity 35663K, committed 35708K, reserved 1081344K
  class space    used 4530K, capacity 4839K, committed 4864K, reserved 1048576K
}
Event: 8.217 GC heap after
{Heap after GC invocations=8 (full 0):
 garbage-first heap   total 157696K, used 22074K [0x0000000080000000, 0x0000000100000000)
  region size 1024K, 6 young (6144K), 6 survivors (6144K)
 Metaspace       used 34886K, capacity 35663K, committed 35708K, reserved 1081344K
  class space    used 4530K, capacity 4839K, committed 4864K, reserved 1048576K
}
Event: 9.433 GC heap before
{Heap before GC invocations=9 (full 0):
 garbage-first heap   total 157696K, used 97850K [0x0000000080000000, 0x0000000100000000)
  region size 1024K, 78 young (79872K), 6 survivors (6144K)
 Metaspace       used 40849K, capacity 41833K, committed 42184K, reserved 1085440K
  class space    used 5228K, capacity 5611K, committed 5708K, reserved 1048576K
}
Event: 9.451 GC heap after
{Heap after GC invocations=10 (full 0):
 garbage-first heap   total 157696K, used 28119K [0x0000000080000000, 0x0000000100000000)
  region size 1024K, 10 young (10240K), 10 survivors (10240K)
 Metaspace       used 40849K, capacity 41833K, committed 42184K, reserved 1085440K
  class space    used 5228K, capacity 5611K, committed 5708K, reserved 1048576K
}
Event: 11.018 GC heap before
{Heap before GC invocations=10 (full 0):
 garbage-first heap   total 157696K, used 105943K [0x0000000080000000, 0x0000000100000000)
  region size 1024K, 85 young (87040K), 10 survivors (10240K)
 Metaspace       used 47413K, capacity 48499K, committed 48712K, reserved 1091584K
  class space    used 6116K, capacity 6548K, committed 6604K, reserved 1048576K
}
Event: 11.040 GC heap after
{Heap after GC invocations=11 (full 0):
 garbage-first heap   total 157696K, used 31407K [0x0000000080000000, 0x0000000100000000)
  region size 1024K, 9 young (9216K), 9 survivors (9216K)
 Metaspace       used 47413K, capacity 48499K, committed 48712K, reserved 1091584K
  class space    used 6116K, capacity 6548K, committed 6604K, reserved 1048576K
}
Event: 13.024 GC heap before
{Heap before GC invocations=11 (full 0):
 garbage-first heap   total 157696K, used 117423K [0x0000000080000000, 0x0000000100000000)
  region size 1024K, 85 young (87040K), 9 survivors (9216K)
 Metaspace       used 52330K, capacity 53583K, committed 53704K, reserved 1095680K
  class space    used 6684K, capacity 7153K, committed 7244K, reserved 1048576K
}
Event: 13.046 GC heap after
{Heap after GC invocations=12 (full 0):
 garbage-first heap   total 157696K, used 49890K [0x0000000080000000, 0x0000000100000000)
  region size 1024K, 11 young (11264K), 11 survivors (11264K)
 Metaspace       used 52330K, capacity 53583K, committed 53704K, reserved 1095680K
  class space    used 6684K, capacity 7153K, committed 7244K, reserved 1048576K
}
Event: 14.306 GC heap before
{Heap before GC invocations=12 (full 0):
 garbage-first heap   total 157696K, used 89826K [0x0000000080000000, 0x0000000100000000)
  region size 1024K, 51 young (52224K), 11 survivors (11264K)
 Metaspace       used 58568K, capacity 59916K, committed 59976K, reserved 1101824K
  class space    used 7390K, capacity 7873K, committed 7884K, reserved 1048576K
}
Event: 14.328 GC heap after
{Heap after GC invocations=13 (full 0):
 garbage-first heap   total 189440K, used 52544K [0x0000000080000000, 0x0000000100000000)
  region size 1024K, 2 young (2048K), 2 survivors (2048K)
 Metaspace       used 58568K, capacity 59916K, committed 59976K, reserved 1101824K
  class space    used 7390K, capacity 7873K, committed 7884K, reserved 1048576K
}
Event: 16.360 GC heap before
{Heap before GC invocations=14 (full 0):
 garbage-first heap   total 189440K, used 121152K [0x0000000080000000, 0x0000000100000000)
  region size 1024K, 70 young (71680K), 2 survivors (2048K)
 Metaspace       used 65628K, capacity 67134K, committed 67400K, reserved 1107968K
  class space    used 8307K, capacity 8887K, committed 8908K, reserved 1048576K
}
Event: 16.373 GC heap after
{Heap after GC invocations=15 (full 0):
 garbage-first heap   total 189440K, used 57664K [0x0000000080000000, 0x0000000100000000)
  region size 1024K, 7 young (7168K), 7 survivors (7168K)
 Metaspace       used 65628K, capacity 67134K, committed 67400K, reserved 1107968K
  class space    used 8307K, capacity 8887K, committed 8908K, reserved 1048576K
}
Event: 18.430 GC heap before
{Heap before GC invocations=15 (full 0):
 garbage-first heap   total 189440K, used 128320K [0x0000000080000000, 0x0000000100000000)
  region size 1024K, 75 young (76800K), 7 survivors (7168K)
 Metaspace       used 69090K, capacity 70655K, committed 70728K, reserved 1110016K
  class space    used 8744K, capacity 9347K, committed 9420K, reserved 1048576K
}
Event: 18.449 GC heap after
{Heap after GC invocations=16 (full 0):
 garbage-first heap   total 189440K, used 62434K [0x0000000080000000, 0x0000000100000000)
  region size 1024K, 5 young (5120K), 5 survivors (5120K)
 Metaspace       used 69090K, capacity 70655K, committed 70728K, reserved 1110016K
  class space    used 8744K, capacity 9347K, committed 9420K, reserved 1048576K
}
Event: 20.819 GC heap before
{Heap before GC invocations=16 (full 0):
 garbage-first heap   total 189440K, used 133090K [0x0000000080000000, 0x0000000100000000)
  region size 1024K, 74 young (75776K), 5 survivors (5120K)
 Metaspace       used 77537K, capacity 79140K, committed 79432K, reserved 1118208K
  class space    used 9970K, capacity 10586K, committed 10700K, reserved 1048576K
}
Event: 20.841 GC heap after
{Heap after GC invocations=17 (full 0):
 garbage-first heap   total 189440K, used 66664K [0x0000000080000000, 0x0000000100000000)
  region size 1024K, 9 young (9216K), 9 survivors (9216K)
 Metaspace       used 77537K, capacity 79140K, committed 79432K, reserved 1118208K
  class space    used 9970K, capacity 10586K, committed 10700K, reserved 1048576K
}
Event: 22.257 GC heap before
{Heap before GC invocations=17 (full 0):
 garbage-first heap   total 189440K, used 137320K [0x0000000080000000, 0x0000000100000000)
  region size 1024K, 78 young (79872K), 9 survivors (9216K)
 Metaspace       used 83901K, capacity 85595K, committed 85704K, reserved 1124352K
  class space    used 10870K, capacity 11537K, committed 11596K, reserved 1048576K
}
Event: 22.284 GC heap after
{Heap after GC invocations=18 (full 0):
 garbage-first heap   total 189440K, used 70966K [0x0000000080000000, 0x0000000100000000)
  region size 1024K, 9 young (9216K), 9 survivors (9216K)
 Metaspace       used 83901K, capacity 85595K, committed 85704K, reserved 1124352K
  class space    used 10870K, capacity 11537K, committed 11596K, reserved 1048576K
}

