# JRE version: OpenJDK Runtime Environment (11.0.12+7) (build 11.0.12+7-b1504.28-7817840)
# Java VM: OpenJDK 64-Bit Server VM (11.0.12+7-b1504.28-7817840, mixed mode, tiered, compressed oops, g1 gc, windows-amd64)
Heap:
 garbage-first heap   total 552960K, used 210815K [0x0000000080000000, 0x0000000100000000)
  region size 1024K, 20 young (20480K), 20 survivors (20480K)
 Metaspace       used 112497K, capacity 115375K, committed 115576K, reserved 1148928K
  class space    used 14374K, capacity 15520K, committed 15564K, reserved 1048576K
GC Heap History (20 events):
Event: 37.857 GC heap after
{Heap after GC invocations=45 (full 0):
 garbage-first heap   total 415744K, used 193192K [0x0000000080000000, 0x0000000100000000)
  region size 1024K, 11 young (11264K), 11 survivors (11264K)
 Metaspace       used 110533K, capacity 113153K, committed 113272K, reserved 1146880K
  class space    used 14148K, capacity 15209K, committed 15308K, reserved 1048576K
}
Event: 38.648 GC heap before
{Heap before GC invocations=45 (full 0):
 garbage-first heap   total 415744K, used 362152K [0x0000000080000000, 0x0000000100000000)
  region size 1024K, 176 young (180224K), 11 survivors (11264K)
 Metaspace       used 110559K, capacity 113165K, committed 113272K, reserved 1146880K
  class space    used 14150K, capacity 15212K, committed 15308K, reserved 1048576K
}
Event: 38.679 GC heap after
{Heap after GC invocations=46 (full 0):
 garbage-first heap   total 415744K, used 194811K [0x0000000080000000, 0x0000000100000000)
  region size 1024K, 13 young (13312K), 13 survivors (13312K)
 Metaspace       used 110559K, capacity 113165K, committed 113272K, reserved 1146880K
  class space    used 14150K, capacity 15212K, committed 15308K, reserved 1048576K
}
Event: 39.483 GC heap before
{Heap before GC invocations=46 (full 0):
 garbage-first heap   total 415744K, used 359675K [0x0000000080000000, 0x0000000100000000)
  region size 1024K, 174 young (178176K), 13 survivors (13312K)
 Metaspace       used 110575K, capacity 113165K, committed 113272K, reserved 1146880K
  class space    used 14150K, capacity 15212K, committed 15308K, reserved 1048576K
}
Event: 39.516 GC heap after
{Heap after GC invocations=47 (full 0):
 garbage-first heap   total 415744K, used 195702K [0x0000000080000000, 0x0000000100000000)
  region size 1024K, 10 young (10240K), 10 survivors (10240K)
 Metaspace       used 110575K, capacity 113165K, committed 113272K, reserved 1146880K
  class space    used 14150K, capacity 15212K, committed 15308K, reserved 1048576K
}
Event: 40.333 GC heap before
{Heap before GC invocations=47 (full 0):
 garbage-first heap   total 415744K, used 362614K [0x0000000080000000, 0x0000000100000000)
  region size 1024K, 173 young (177152K), 10 survivors (10240K)
 Metaspace       used 110580K, capacity 113166K, committed 113272K, reserved 1146880K
  class space    used 14150K, capacity 15212K, committed 15308K, reserved 1048576K
}
Event: 40.360 GC heap after
{Heap after GC invocations=48 (full 0):
 garbage-first heap   total 415744K, used 196174K [0x0000000080000000, 0x0000000100000000)
  region size 1024K, 11 young (11264K), 11 survivors (11264K)
 Metaspace       used 110580K, capacity 113166K, committed 113272K, reserved 1146880K
  class space    used 14150K, capacity 15212K, committed 15308K, reserved 1048576K
}
Event: 41.036 GC heap before
{Heap before GC invocations=48 (full 0):
 garbage-first heap   total 415744K, used 361038K [0x0000000080000000, 0x0000000100000000)
  region size 1024K, 172 young (176128K), 11 survivors (11264K)
 Metaspace       used 110595K, capacity 113233K, committed 113528K, reserved 1146880K
  class space    used 14151K, capacity 15213K, committed 15308K, reserved 1048576K
}
Event: 41.065 GC heap after
{Heap after GC invocations=49 (full 0):
 garbage-first heap   total 415744K, used 196726K [0x0000000080000000, 0x0000000100000000)
  region size 1024K, 11 young (11264K), 11 survivors (11264K)
 Metaspace       used 110595K, capacity 113233K, committed 113528K, reserved 1146880K
  class space    used 14151K, capacity 15213K, committed 15308K, reserved 1048576K
}
Event: 41.762 GC heap before
{Heap before GC invocations=49 (full 0):
 garbage-first heap   total 415744K, used 361590K [0x0000000080000000, 0x0000000100000000)
  region size 1024K, 172 young (176128K), 11 survivors (11264K)
 Metaspace       used 110599K, capacity 113236K, committed 113528K, reserved 1146880K
  class space    used 14151K, capacity 15214K, committed 15308K, reserved 1048576K
}
Event: 41.796 GC heap after
{Heap after GC invocations=50 (full 0):
 garbage-first heap   total 415744K, used 198262K [0x0000000080000000, 0x0000000100000000)
  region size 1024K, 13 young (13312K), 13 survivors (13312K)
 Metaspace       used 110599K, capacity 113236K, committed 113528K, reserved 1146880K
  class space    used 14151K, capacity 15214K, committed 15308K, reserved 1048576K
}
Event: 42.552 GC heap before
{Heap before GC invocations=50 (full 0):
 garbage-first heap   total 415744K, used 359030K [0x0000000080000000, 0x0000000100000000)
  region size 1024K, 170 young (174080K), 13 survivors (13312K)
 Metaspace       used 110604K, capacity 113236K, committed 113528K, reserved 1146880K
  class space    used 14151K, capacity 15214K, committed 15308K, reserved 1048576K
}
Event: 42.592 GC heap after
{Heap after GC invocations=51 (full 0):
 garbage-first heap   total 483328K, used 199506K [0x0000000080000000, 0x0000000100000000)
  region size 1024K, 13 young (13312K), 13 survivors (13312K)
 Metaspace       used 110604K, capacity 113236K, committed 113528K, reserved 1146880K
  class space    used 14151K, capacity 15214K, committed 15308K, reserved 1048576K
}
Event: 43.581 GC heap before
{Heap before GC invocations=51 (full 0):
 garbage-first heap   total 483328K, used 404306K [0x0000000080000000, 0x0000000100000000)
  region size 1024K, 213 young (218112K), 13 survivors (13312K)
 Metaspace       used 110612K, capacity 113237K, committed 113528K, reserved 1146880K
  class space    used 14151K, capacity 15214K, committed 15308K, reserved 1048576K
}
Event: 43.645 GC heap after
{Heap after GC invocations=52 (full 0):
 garbage-first heap   total 483328K, used 200018K [0x0000000080000000, 0x0000000100000000)
  region size 1024K, 14 young (14336K), 14 survivors (14336K)
 Metaspace       used 110612K, capacity 113237K, committed 113528K, reserved 1146880K
  class space    used 14151K, capacity 15214K, committed 15308K, reserved 1048576K
}
Event: 44.559 GC heap before
{Heap before GC invocations=52 (full 0):
 garbage-first heap   total 483328K, used 415058K [0x0000000080000000, 0x0000000100000000)
  region size 1024K, 224 young (229376K), 14 survivors (14336K)
 Metaspace       used 110616K, capacity 113238K, committed 113528K, reserved 1146880K
  class space    used 14151K, capacity 15214K, committed 15308K, reserved 1048576K
}
Event: 44.596 GC heap after
{Heap after GC invocations=53 (full 0):
 garbage-first heap   total 483328K, used 201116K [0x0000000080000000, 0x0000000100000000)
  region size 1024K, 14 young (14336K), 14 survivors (14336K)
 Metaspace       used 110616K, capacity 113238K, committed 113528K, reserved 1146880K
  class space    used 14151K, capacity 15214K, committed 15308K, reserved 1048576K
}
Event: 45.315 GC heap before
{Heap before GC invocations=53 (full 0):
 garbage-first heap   total 483328K, used 419228K [0x0000000080000000, 0x0000000100000000)
  region size 1024K, 227 young (232448K), 14 survivors (14336K)
 Metaspace       used 110620K, capacity 113238K, committed 113528K, reserved 1146880K
  class space    used 14151K, capacity 15214K, committed 15308K, reserved 1048576K
}
Event: 45.355 GC heap after
{Heap after GC invocations=54 (full 0):
 garbage-first heap   total 483328K, used 203960K [0x0000000080000000, 0x0000000100000000)
  region size 1024K, 16 young (16384K), 16 survivors (16384K)
 Metaspace       used 110620K, capacity 113238K, committed 113528K, reserved 1146880K
  class space    used 14151K, capacity 15214K, committed 15308K, reserved 1048576K
}
Event: 46.797 GC heap before
{Heap before GC invocations=54 (full 0):
 garbage-first heap   total 483328K, used 417976K [0x0000000080000000, 0x0000000100000000)
  region size 1024K, 224 young (229376K), 16 survivors (16384K)
 Metaspace       used 112497K, capacity 115375K, committed 115576K, reserved 1148928K
  class space    used 14374K, capacity 15520K, committed 15564K, reserved 1048576K
}

